c:\users\andrew\documents\visual studio 2010\projects\sr2trainer2\sr2trainer2\release\process.obj
c:\users\andrew\documents\visual studio 2010\projects\sr2trainer2\sr2trainer2\release\sr2trainer2.obj
c:\users\andrew\documents\visual studio 2010\projects\sr2trainer2\sr2trainer2\release\vc100.pdb
c:\users\andrew\documents\visual studio 2010\projects\sr2trainer2\release\sr2trainer2.exe
c:\users\andrew\documents\visual studio 2010\projects\sr2trainer2\sr2trainer2\release\sr2trainer2.exe.intermediate.manifest
c:\users\andrew\documents\visual studio 2010\projects\sr2trainer2\release\sr2trainer2.pdb
c:\users\andrew\documents\visual studio 2010\projects\sr2trainer2\sr2trainer2\release\script1.res
c:\users\andrew\documents\visual studio 2015\projects\sr2trainer2\sr2trainer2\release\process.obj
c:\users\andrew\documents\visual studio 2015\projects\sr2trainer2\sr2trainer2\release\sr2trainer2.obj
c:\users\andrew\documents\visual studio 2015\projects\sr2trainer2\sr2trainer2\release\cl.command.1.tlog
c:\users\andrew\documents\visual studio 2015\projects\sr2trainer2\sr2trainer2\release\cl.read.1.tlog
c:\users\andrew\documents\visual studio 2015\projects\sr2trainer2\sr2trainer2\release\cl.write.1.tlog
c:\users\andrew\documents\visual studio 2015\projects\sr2trainer2\sr2trainer2\release\link-cvtres.read.1.tlog
c:\users\andrew\documents\visual studio 2015\projects\sr2trainer2\sr2trainer2\release\link-cvtres.write.1.tlog
c:\users\andrew\documents\visual studio 2015\projects\sr2trainer2\sr2trainer2\release\link.command.1.tlog
c:\users\andrew\documents\visual studio 2015\projects\sr2trainer2\sr2trainer2\release\link.read.1.tlog
c:\users\andrew\documents\visual studio 2015\projects\sr2trainer2\sr2trainer2\release\link.write.1.tlog
c:\users\andrew\documents\visual studio 2015\projects\sr2trainer2\sr2trainer2\release\mt.command.1.tlog
c:\users\andrew\documents\visual studio 2015\projects\sr2trainer2\sr2trainer2\release\mt.read.1.tlog
c:\users\andrew\documents\visual studio 2015\projects\sr2trainer2\sr2trainer2\release\mt.write.1.tlog
c:\users\andrew\documents\visual studio 2015\projects\sr2trainer2\sr2trainer2\release\rc.command.1.tlog
c:\users\andrew\documents\visual studio 2015\projects\sr2trainer2\sr2trainer2\release\rc.read.1.tlog
c:\users\andrew\documents\visual studio 2015\projects\sr2trainer2\sr2trainer2\release\rc.write.1.tlog
c:\users\andrew\documents\visual studio 2015\projects\sr2trainer2\sr2trainer2\release\sr2trainer2.exe.intermediate.manifest
c:\users\andrew\documents\visual studio 2015\projects\sr2trainer2\sr2trainer2\release\script1.res
c:\users\andrew\documents\visual studio 2015\projects\sr2trainer2\sr2trainer2\release\vc100.pdb
c:\users\andrew\documents\visual studio 2015\projects\sr2trainer2\release\sr2trainer2.pdb
c:\users\andrew\documents\visual studio 2015\projects\sr2trainer2\release\sr2trainer2.exe
